<?xml version="1.0" encoding="UTF-8"?>
<testng-results ignored="0" total="4" passed="3" failed="1" skipped="0">
  <reporter-output>
  </reporter-output>
  <suite started-at="2024-08-28T11:44:10 IST" name="Default suite" finished-at="2024-08-28T11:45:07 IST" duration-ms="56278">
    <groups>
      <group name="cucumber">
        <method signature="AbstractTestNGCucumberTests.runScenario(io.cucumber.testng.PickleWrapper,io.cucumber.testng.FeatureWrapper)[pri:0, instance:testRunnerClasses.SkillraryTests@20140db9]" name="runScenario" class="io.cucumber.testng.AbstractTestNGCucumberTests"/>
      </group> <!-- cucumber -->
    </groups>
    <test started-at="2024-08-28T11:44:10 IST" name="Default test" finished-at="2024-08-28T11:45:07 IST" duration-ms="56278">
      <class name="testRunnerClasses.SkillraryTests">
        <test-method is-config="true" signature="setUpClass(org.testng.ITestContext)[pri:0, instance:testRunnerClasses.SkillraryTests@20140db9]" started-at="2024-08-28T11:44:10 IST" name="setUpClass" finished-at="2024-08-28T11:44:11 IST" duration-ms="645" status="PASS">
          <params>
            <param index="0">
              <value>
                <![CDATA[org.testng.TestRunner@11963225]]>
              </value>
            </param>
          </params>
          <reporter-output>
          </reporter-output>
        </test-method> <!-- setUpClass -->
        <test-method signature="runScenario(io.cucumber.testng.PickleWrapper,io.cucumber.testng.FeatureWrapper)[pri:0, instance:testRunnerClasses.SkillraryTests@20140db9]" started-at="2024-08-28T11:44:11 IST" name="runScenario" description="Runs Cucumber Scenarios" data-provider="scenarios" finished-at="2024-08-28T11:44:58 IST" duration-ms="47211" status="PASS">
          <params>
            <param index="0">
              <value>
                <![CDATA["Add Category"]]>
              </value>
            </param>
            <param index="1">
              <value>
                <![CDATA["Category"]]>
              </value>
            </param>
          </params>
          <reporter-output>
          </reporter-output>
        </test-method> <!-- runScenario -->
        <test-method signature="runScenario(io.cucumber.testng.PickleWrapper,io.cucumber.testng.FeatureWrapper)[pri:0, instance:testRunnerClasses.SkillraryTests@20140db9]" started-at="2024-08-28T11:44:11 IST" name="runScenario" description="Runs Cucumber Scenarios" data-provider="scenarios" finished-at="2024-08-28T11:44:58 IST" duration-ms="46734" status="PASS">
          <params>
            <param index="0">
              <value>
                <![CDATA["Add Category"]]>
              </value>
            </param>
            <param index="1">
              <value>
                <![CDATA["Category"]]>
              </value>
            </param>
          </params>
          <reporter-output>
          </reporter-output>
        </test-method> <!-- runScenario -->
        <test-method signature="runScenario(io.cucumber.testng.PickleWrapper,io.cucumber.testng.FeatureWrapper)[pri:0, instance:testRunnerClasses.SkillraryTests@20140db9]" started-at="2024-08-28T11:44:11 IST" name="runScenario" description="Runs Cucumber Scenarios" data-provider="scenarios" finished-at="2024-08-28T11:44:58 IST" duration-ms="47043" status="PASS">
          <params>
            <param index="0">
              <value>
                <![CDATA["Add Course"]]>
              </value>
            </param>
            <param index="1">
              <value>
                <![CDATA["Course"]]>
              </value>
            </param>
          </params>
          <reporter-output>
          </reporter-output>
        </test-method> <!-- runScenario -->
        <test-method signature="runScenario(io.cucumber.testng.PickleWrapper,io.cucumber.testng.FeatureWrapper)[pri:0, instance:testRunnerClasses.SkillraryTests@20140db9]" started-at="2024-08-28T11:44:11 IST" name="runScenario" description="Runs Cucumber Scenarios" data-provider="scenarios" finished-at="2024-08-28T11:45:06 IST" duration-ms="55418" status="FAIL">
          <params>
            <param index="0">
              <value>
                <![CDATA["Add User"]]>
              </value>
            </param>
            <param index="1">
              <value>
                <![CDATA["User"]]>
              </value>
            </param>
          </params>
          <exception class="org.openqa.selenium.NoSuchElementException">
            <message>
              <![CDATA[no such element: Unable to locate element: {"method":"xpath","selector":"//span[text()='SkillRary Admin']"}
  (Session info: chrome=128.0.6613.85)
For documentation on this error, please visit: https://www.selenium.dev/documentation/webdriver/troubleshooting/errors#no-such-element-exception
Build info: version: '4.23.0', revision: '4df0a231af'
System info: os.name: 'Windows 11', os.arch: 'amd64', os.version: '10.0', java.version: '18.0.1'
Driver info: org.openqa.selenium.chrome.ChromeDriver
Command: [90958aa24f138bd0bb160219aa1b42bd, findElement {using=xpath, value=//span[text()='SkillRary Admin']}]
Capabilities {acceptInsecureCerts: false, browserName: chrome, browserVersion: 128.0.6613.85, chrome: {chromedriverVersion: 128.0.6613.84 (606aa55c7d68..., userDataDir: C:\Users\sncsr\AppData\Loca...}, fedcm:accounts: true, goog:chromeOptions: {debuggerAddress: localhost:60774}, networkConnectionEnabled: false, pageLoadStrategy: normal, platformName: windows, proxy: Proxy(), se:cdp: ws://localhost:60774/devtoo..., se:cdpVersion: 128.0.6613.85, setWindowRect: true, strictFileInteractability: false, timeouts: {implicit: 0, pageLoad: 300000, script: 30000}, unhandledPromptBehavior: dismiss and notify, webauthn:extension:credBlob: true, webauthn:extension:largeBlob: true, webauthn:extension:minPinLength: true, webauthn:extension:prf: true, webauthn:virtualAuthenticators: true}
Session ID: 90958aa24f138bd0bb160219aa1b42bd]]>
            </message>
            <full-stacktrace>
              <![CDATA[org.openqa.selenium.NoSuchElementException: no such element: Unable to locate element: {"method":"xpath","selector":"//span[text()='SkillRary Admin']"}
  (Session info: chrome=128.0.6613.85)
For documentation on this error, please visit: https://www.selenium.dev/documentation/webdriver/troubleshooting/errors#no-such-element-exception
Build info: version: '4.23.0', revision: '4df0a231af'
System info: os.name: 'Windows 11', os.arch: 'amd64', os.version: '10.0', java.version: '18.0.1'
Driver info: org.openqa.selenium.chrome.ChromeDriver
Command: [90958aa24f138bd0bb160219aa1b42bd, findElement {using=xpath, value=//span[text()='SkillRary Admin']}]
Capabilities {acceptInsecureCerts: false, browserName: chrome, browserVersion: 128.0.6613.85, chrome: {chromedriverVersion: 128.0.6613.84 (606aa55c7d68..., userDataDir: C:\Users\sncsr\AppData\Loca...}, fedcm:accounts: true, goog:chromeOptions: {debuggerAddress: localhost:60774}, networkConnectionEnabled: false, pageLoadStrategy: normal, platformName: windows, proxy: Proxy(), se:cdp: ws://localhost:60774/devtoo..., se:cdpVersion: 128.0.6613.85, setWindowRect: true, strictFileInteractability: false, timeouts: {implicit: 0, pageLoad: 300000, script: 30000}, unhandledPromptBehavior: dismiss and notify, webauthn:extension:credBlob: true, webauthn:extension:largeBlob: true, webauthn:extension:minPinLength: true, webauthn:extension:prf: true, webauthn:virtualAuthenticators: true}
Session ID: 90958aa24f138bd0bb160219aa1b42bd
at java.base/jdk.internal.reflect.DirectConstructorHandleAccessor.newInstance(DirectConstructorHandleAccessor.java:67)
at java.base/java.lang.reflect.Constructor.newInstanceWithCaller(Constructor.java:499)
at java.base/java.lang.reflect.Constructor.newInstance(Constructor.java:483)
at org.openqa.selenium.remote.ErrorCodec.decode(ErrorCodec.java:167)
at org.openqa.selenium.remote.codec.w3c.W3CHttpResponseCodec.decode(W3CHttpResponseCodec.java:138)
at org.openqa.selenium.remote.codec.w3c.W3CHttpResponseCodec.decode(W3CHttpResponseCodec.java:50)
at org.openqa.selenium.remote.HttpCommandExecutor.execute(HttpCommandExecutor.java:190)
at org.openqa.selenium.remote.service.DriverCommandExecutor.invokeExecute(DriverCommandExecutor.java:216)
at org.openqa.selenium.remote.service.DriverCommandExecutor.execute(DriverCommandExecutor.java:174)
at org.openqa.selenium.remote.RemoteWebDriver.execute(RemoteWebDriver.java:527)
at org.openqa.selenium.remote.ElementLocation$ElementFinder$2.findElement(ElementLocation.java:165)
at org.openqa.selenium.remote.ElementLocation.findElement(ElementLocation.java:59)
at org.openqa.selenium.remote.RemoteWebDriver.findElement(RemoteWebDriver.java:357)
at org.openqa.selenium.remote.RemoteWebDriver.findElement(RemoteWebDriver.java:351)
at org.openqa.selenium.support.pagefactory.DefaultElementLocator.findElement(DefaultElementLocator.java:68)
at org.openqa.selenium.support.pagefactory.internal.LocatingElementHandler.invoke(LocatingElementHandler.java:38)
at jdk.proxy2/jdk.proxy2.$Proxy26.click(Unknown Source)
at objectRepository.HomePage.signoutOfApp(HomePage.java:59)
at stepDefinitions.HomePageSteps.i_logout_of_skillrary(HomePageSteps.java:37)
at ✽.I logout of skillrary(file:///C:/Users/sncsr/eclipse-workspace/CucumberSkillraryDemoApp_M10/./src/test/resources/FeatureFiles/UserFeature.feature:13)
]]>
            </full-stacktrace>
          </exception> <!-- org.openqa.selenium.NoSuchElementException -->
          <reporter-output>
          </reporter-output>
        </test-method> <!-- runScenario -->
        <test-method is-config="true" signature="tearDownClass()[pri:0, instance:testRunnerClasses.SkillraryTests@20140db9]" started-at="2024-08-28T11:45:06 IST" name="tearDownClass" finished-at="2024-08-28T11:45:07 IST" duration-ms="149" status="PASS">
          <reporter-output>
          </reporter-output>
        </test-method> <!-- tearDownClass -->
      </class> <!-- testRunnerClasses.SkillraryTests -->
    </test> <!-- Default test -->
  </suite> <!-- Default suite -->
</testng-results>
